2026-05-14 01:11:46.787 +05:00 [ERR] An error occurred using the connection to database 'truckbor' on server 'tcp://localhost:5432'.
2026-05-14 20:36:47.640 +05:00 [ERR] ❌ Database seeding failed
System.InvalidOperationException: An error was generated for warning 'Microsoft.EntityFrameworkCore.Migrations.PendingModelChangesWarning': The model for context 'AppDbContext' has pending changes. Add a new migration before updating the database. See https://aka.ms/efcore-docs-pending-changes. This exception can be suppressed or logged by passing event ID 'RelationalEventId.PendingModelChangesWarning' to the 'ConfigureWarnings' method in 'DbContext.OnConfiguring' or 'AddDbContext'.
   at Microsoft.EntityFrameworkCore.Diagnostics.EventDefinition`1.Log[TLoggerCategory](IDiagnosticsLogger`1 logger, TParam arg)
   at Microsoft.EntityFrameworkCore.Diagnostics.RelationalLoggerExtensions.PendingModelChangesWarning(IDiagnosticsLogger`1 diagnostics, Type contextType)
   at Microsoft.EntityFrameworkCore.Migrations.Internal.Migrator.ValidateMigrations(Boolean useTransaction, String targetMigration)
   at Microsoft.EntityFrameworkCore.Migrations.Internal.Migrator.MigrateAsync(String targetMigration, CancellationToken cancellationToken)
   at Npgsql.EntityFrameworkCore.PostgreSQL.Migrations.Internal.NpgsqlMigrator.MigrateAsync(String targetMigration, CancellationToken cancellationToken)
   at TruckBor.Infrastructure.Data.Seed.DbSeeder.SeedAsync(AppDbContext db, ILogger logger) in C:\Projects\TruckBor\TruckBor.Infrastructure\Data\Seed\DbSeeder.cs:line 16
2026-05-14 20:36:47.757 +05:00 [ERR] Seeding failed
System.InvalidOperationException: An error was generated for warning 'Microsoft.EntityFrameworkCore.Migrations.PendingModelChangesWarning': The model for context 'AppDbContext' has pending changes. Add a new migration before updating the database. See https://aka.ms/efcore-docs-pending-changes. This exception can be suppressed or logged by passing event ID 'RelationalEventId.PendingModelChangesWarning' to the 'ConfigureWarnings' method in 'DbContext.OnConfiguring' or 'AddDbContext'.
   at Microsoft.EntityFrameworkCore.Diagnostics.EventDefinition`1.Log[TLoggerCategory](IDiagnosticsLogger`1 logger, TParam arg)
   at Microsoft.EntityFrameworkCore.Diagnostics.RelationalLoggerExtensions.PendingModelChangesWarning(IDiagnosticsLogger`1 diagnostics, Type contextType)
   at Microsoft.EntityFrameworkCore.Migrations.Internal.Migrator.ValidateMigrations(Boolean useTransaction, String targetMigration)
   at Microsoft.EntityFrameworkCore.Migrations.Internal.Migrator.MigrateAsync(String targetMigration, CancellationToken cancellationToken)
   at Npgsql.EntityFrameworkCore.PostgreSQL.Migrations.Internal.NpgsqlMigrator.MigrateAsync(String targetMigration, CancellationToken cancellationToken)
   at TruckBor.Infrastructure.Data.Seed.DbSeeder.SeedAsync(AppDbContext db, ILogger logger) in C:\Projects\TruckBor\TruckBor.Infrastructure\Data\Seed\DbSeeder.cs:line 16
   at Program.<Main>$(String[] args) in C:\Projects\TruckBor\TruckBor.API\Program.cs:line 97
2026-05-14 20:36:48.775 +05:00 [INF] ✅ Webhook set: https://api.truckbor.uz/api/webhook | Pending: 0
2026-05-14 20:36:48.779 +05:00 [INF] 🚀 TruckBor API starting...
2026-05-14 20:37:01.969 +05:00 [INF] HTTP GET / responded 404 in 64.2078 ms
2026-05-14 20:37:04.647 +05:00 [INF] HTTP GET / responded 404 in 0.6585 ms
